TN:
SF:declareWinner.js
FN:1,declareWinner
FNF:1
FNH:1
FNDA:3,declareWinner
DA:5,3
DA:6,2
DA:7,2
DA:9,1
DA:10,1
DA:13,3
DA:14,6
DA:16,6
DA:17,4
DA:19,4
DA:20,2
DA:23,2
DA:25,2
DA:26,1
DA:32,1
LF:15
LH:15
BRDA:5,0,0,2
BRDA:5,0,1,1
BRDA:16,1,0,4
BRDA:16,1,1,2
BRDA:19,2,0,2
BRDA:19,2,1,2
BRDA:25,3,0,1
BRDA:25,3,1,1
BRF:8
BRH:8
end_of_record
TN:
SF:findUnique.js
FN:1,findUnique
FNF:1
FNH:1
FNDA:5,findUnique
DA:2,5
DA:3,5
DA:6,5
DA:7,1
DA:10,4
DA:11,1
DA:12,1
DA:13,3
DA:14,3
DA:15,1
DA:19,3
DA:21,3
DA:22,2
DA:24,1
DA:29,1
LF:15
LH:15
BRDA:6,0,0,1
BRDA:6,0,1,4
BRDA:10,1,0,1
BRDA:10,1,1,3
BRDA:14,2,0,1
BRDA:14,2,1,2
BRDA:21,3,0,2
BRDA:21,3,1,1
BRF:8
BRH:8
end_of_record
